{
  "RSpec": {
    "coverage": {
      "/Users/JordPo/Code/general_assembly/projects/GridIt/app/models/bill.rb": [
        null,
        null,
        null,
        null,
        null,
        null,
        null,
        null,
        null,
        null,
        null,
        null,
        null,
        null,
        null,
        null,
        1,
        1,
        null
      ],
      "/Users/JordPo/Code/general_assembly/projects/GridIt/app/controllers/dashboard_controller.rb": [
        1,
        1,
        null,
        null
      ],
      "/Users/JordPo/Code/general_assembly/projects/GridIt/app/controllers/application_controller.rb": [
        1,
        null,
        null,
        1,
        null,
        1,
        null
      ]
    },
    "timestamp": 1395675126
  }
}
